<?xml version="1.0" encoding="UTF-8"?>
<testng-results ignored="0" total="2" passed="0" failed="2" skipped="0">
  <reporter-output>
  </reporter-output>
  <suite started-at="2022-03-08T11:40:00 COT" name="Suite" finished-at="2022-03-08T11:45:03 COT" duration-ms="302606">
    <groups>
    </groups>
    <test started-at="2022-03-08T11:40:00 COT" name="Test" finished-at="2022-03-08T11:45:03 COT" duration-ms="302606">
      <class name="com.testNG.RunPagos">
        <test-method is-config="true" signature="beforeClass(java.lang.String, java.lang.String, java.lang.String, java.lang.String, java.lang.String, java.lang.String, java.lang.String, java.lang.String, java.lang.String)[pri:0, instance:com.testNG.RunPagos@bef2d72]" started-at="2022-03-08T11:43:55 COT" name="beforeClass" finished-at="2022-03-08T11:44:07 COT" duration-ms="12252" status="PASS">
          <params>
            <param index="0">
              <value>
                <![CDATA[./imagenes/logo_periferia.png]]>
              </value>
            </param>
            <param index="1">
              <value>
                <![CDATA[./output/]]>
              </value>
            </param>
            <param index="2">
              <value>
                <![CDATA[Android]]>
              </value>
            </param>
            <param index="3">
              <value>
                <![CDATA[154e0241]]>
              </value>
            </param>
            <param index="4">
              <value>
                <![CDATA[11]]>
              </value>
            </param>
            <param index="5">
              <value>
                <![CDATA[com.clarocolombia.miclaro.debug]]>
              </value>
            </param>
            <param index="6">
              <value>
                <![CDATA[com.clarocolombia.miclaro.activities.Splash]]>
              </value>
            </param>
            <param index="7">
              <value>
                <![CDATA[true]]>
              </value>
            </param>
            <param index="8">
              <value>
                <![CDATA[true]]>
              </value>
            </param>
          </params>
          <reporter-output>
          </reporter-output>
        </test-method> <!-- beforeClass -->
        <test-method signature="Pagos(java.lang.String, java.lang.String, java.lang.String, java.lang.String, java.lang.String, java.lang.String, java.lang.String, java.lang.String, java.lang.String)[pri:0, instance:com.testNG.RunPagos@bef2d72]" started-at="2022-03-08T11:44:07 COT" name="Pagos" data-provider="Pagos" finished-at="2022-03-08T11:45:03 COT" duration-ms="55546" status="FAIL">
          <params>
            <param index="0">
              <value>
                <![CDATA[Si]]>
              </value>
            </param>
            <param index="1">
              <value>
                <![CDATA[Si]]>
              </value>
            </param>
            <param index="2">
              <value>
                <![CDATA[pruebitasportal202190@yoggm.com]]>
              </value>
            </param>
            <param index="3">
              <value>
                <![CDATA[Claro1234]]>
              </value>
            </param>
            <param index="4">
              <value>
                <![CDATA[5409682368847300]]>
              </value>
            </param>
            <param index="5">
              <value>
                <![CDATA[4569]]>
              </value>
            </param>
            <param index="6">
              <value>
                <![CDATA[LuisPerezRodriguez]]>
              </value>
            </param>
            <param index="7">
              <value>
                <![CDATA[1024455454]]>
              </value>
            </param>
            <param index="8">
              <value>
                <![CDATA[3225556669]]>
              </value>
            </param>
          </params>
          <exception class="java.lang.NullPointerException">
            <message>
              <![CDATA[Cannot invoke "String.contains(java.lang.CharSequence)" because "this.Pagos1" is null]]>
            </message>
            <full-stacktrace>
              <![CDATA[java.lang.NullPointerException: Cannot invoke "String.contains(java.lang.CharSequence)" because "this.Pagos1" is null
at com.testNG.RunPagos.Pagos(RunPagos.java:100)
at java.base/jdk.internal.reflect.NativeMethodAccessorImpl.invoke0(Native Method)
at java.base/jdk.internal.reflect.NativeMethodAccessorImpl.invoke(NativeMethodAccessorImpl.java:77)
at java.base/jdk.internal.reflect.DelegatingMethodAccessorImpl.invoke(DelegatingMethodAccessorImpl.java:43)
at java.base/java.lang.reflect.Method.invoke(Method.java:568)
at org.testng.internal.MethodInvocationHelper.invokeMethod(MethodInvocationHelper.java:134)
at org.testng.internal.TestInvoker.invokeMethod(TestInvoker.java:597)
at org.testng.internal.TestInvoker.invokeTestMethod(TestInvoker.java:173)
at org.testng.internal.MethodRunner.runInSequence(MethodRunner.java:46)
at org.testng.internal.TestInvoker$MethodInvocationAgent.invoke(TestInvoker.java:816)
at org.testng.internal.TestInvoker.invokeTestMethods(TestInvoker.java:146)
at org.testng.internal.TestMethodWorker.invokeTestMethods(TestMethodWorker.java:146)
at org.testng.internal.TestMethodWorker.run(TestMethodWorker.java:128)
at java.base/java.util.ArrayList.forEach(ArrayList.java:1511)
at org.testng.TestRunner.privateRun(TestRunner.java:766)
at org.testng.TestRunner.run(TestRunner.java:587)
at org.testng.SuiteRunner.runTest(SuiteRunner.java:384)
at org.testng.SuiteRunner.runSequentially(SuiteRunner.java:378)
at org.testng.SuiteRunner.privateRun(SuiteRunner.java:337)
at org.testng.SuiteRunner.run(SuiteRunner.java:286)
at org.testng.SuiteRunnerWorker.runSuite(SuiteRunnerWorker.java:53)
at org.testng.SuiteRunnerWorker.run(SuiteRunnerWorker.java:96)
at org.testng.TestNG.runSuitesSequentially(TestNG.java:1187)
at org.testng.TestNG.runSuitesLocally(TestNG.java:1109)
at org.testng.TestNG.runSuites(TestNG.java:1039)
at org.testng.TestNG.run(TestNG.java:1007)
at org.testng.remote.AbstractRemoteTestNG.run(AbstractRemoteTestNG.java:115)
at org.testng.remote.RemoteTestNG.initAndRun(RemoteTestNG.java:251)
at org.testng.remote.RemoteTestNG.main(RemoteTestNG.java:77)
]]>
            </full-stacktrace>
          </exception> <!-- java.lang.NullPointerException -->
          <reporter-output>
          </reporter-output>
        </test-method> <!-- Pagos -->
        <test-method is-config="true" signature="afterClass()[pri:0, instance:com.testNG.RunPagos@bef2d72]" started-at="2022-03-08T11:45:03 COT" name="afterClass" finished-at="2022-03-08T11:45:03 COT" duration-ms="0" status="PASS">
          <reporter-output>
          </reporter-output>
        </test-method> <!-- afterClass -->
      </class> <!-- com.testNG.RunPagos -->
      <class name="com.testNG.RunEditarDireccion">
        <test-method is-config="true" signature="beforeClass(java.lang.String, java.lang.String, java.lang.String, java.lang.String, java.lang.String, java.lang.String, java.lang.String, java.lang.String, java.lang.String)[pri:0, instance:com.testNG.RunEditarDireccion@5223e5ee]" started-at="2022-03-08T11:40:00 COT" name="beforeClass" finished-at="2022-03-08T11:40:14 COT" duration-ms="13216" status="PASS">
          <params>
            <param index="0">
              <value>
                <![CDATA[./imagenes/logo_periferia.png]]>
              </value>
            </param>
            <param index="1">
              <value>
                <![CDATA[./output/]]>
              </value>
            </param>
            <param index="2">
              <value>
                <![CDATA[Android]]>
              </value>
            </param>
            <param index="3">
              <value>
                <![CDATA[154e0241]]>
              </value>
            </param>
            <param index="4">
              <value>
                <![CDATA[11]]>
              </value>
            </param>
            <param index="5">
              <value>
                <![CDATA[com.clarocolombia.miclaro.debug]]>
              </value>
            </param>
            <param index="6">
              <value>
                <![CDATA[com.clarocolombia.miclaro.activities.Splash]]>
              </value>
            </param>
            <param index="7">
              <value>
                <![CDATA[true]]>
              </value>
            </param>
            <param index="8">
              <value>
                <![CDATA[true]]>
              </value>
            </param>
          </params>
          <reporter-output>
          </reporter-output>
        </test-method> <!-- beforeClass -->
        <test-method signature="PruebaEditarDireccion(java.lang.String, java.lang.String, java.lang.String, java.lang.String, java.lang.String, java.lang.String, java.lang.String, java.lang.String, java.lang.String)[pri:0, instance:com.testNG.RunEditarDireccion@5223e5ee]" started-at="2022-03-08T11:40:15 COT" name="PruebaEditarDireccion" data-provider="ClaroMobil" finished-at="2022-03-08T11:43:55 COT" duration-ms="220513" status="FAIL">
          <params>
            <param index="0">
              <value>
                <![CDATA[Si]]>
              </value>
            </param>
            <param index="1">
              <value>
                <![CDATA[Si]]>
              </value>
            </param>
            <param index="2">
              <value>
                <![CDATA[Las Americas]]>
              </value>
            </param>
            <param index="3">
              <value>
                <![CDATA[38]]>
              </value>
            </param>
            <param index="4">
              <value>
                <![CDATA[5]]>
              </value>
            </param>
            <param index="5">
              <value>
                <![CDATA[106]]>
              </value>
            </param>
            <param index="6">
              <value>
                <![CDATA[8956]]>
              </value>
            </param>
            <param index="7">
              <value>
                <![CDATA[pruebitasportal202190@yoggm.com]]>
              </value>
            </param>
            <param index="8">
              <value>
                <![CDATA[Claro1234]]>
              </value>
            </param>
          </params>
          <exception class="java.lang.NullPointerException">
            <message>
              <![CDATA[Cannot invoke "String.contains(java.lang.CharSequence)" because "this.Pagos1" is null]]>
            </message>
            <full-stacktrace>
              <![CDATA[java.lang.NullPointerException: Cannot invoke "String.contains(java.lang.CharSequence)" because "this.Pagos1" is null
at com.testNG.RunEditarDireccion.PruebaEditarDireccion(RunEditarDireccion.java:100)
at java.base/jdk.internal.reflect.NativeMethodAccessorImpl.invoke0(Native Method)
at java.base/jdk.internal.reflect.NativeMethodAccessorImpl.invoke(NativeMethodAccessorImpl.java:77)
at java.base/jdk.internal.reflect.DelegatingMethodAccessorImpl.invoke(DelegatingMethodAccessorImpl.java:43)
at java.base/java.lang.reflect.Method.invoke(Method.java:568)
at org.testng.internal.MethodInvocationHelper.invokeMethod(MethodInvocationHelper.java:134)
at org.testng.internal.TestInvoker.invokeMethod(TestInvoker.java:597)
at org.testng.internal.TestInvoker.invokeTestMethod(TestInvoker.java:173)
at org.testng.internal.MethodRunner.runInSequence(MethodRunner.java:46)
at org.testng.internal.TestInvoker$MethodInvocationAgent.invoke(TestInvoker.java:816)
at org.testng.internal.TestInvoker.invokeTestMethods(TestInvoker.java:146)
at org.testng.internal.TestMethodWorker.invokeTestMethods(TestMethodWorker.java:146)
at org.testng.internal.TestMethodWorker.run(TestMethodWorker.java:128)
at java.base/java.util.ArrayList.forEach(ArrayList.java:1511)
at org.testng.TestRunner.privateRun(TestRunner.java:766)
at org.testng.TestRunner.run(TestRunner.java:587)
at org.testng.SuiteRunner.runTest(SuiteRunner.java:384)
at org.testng.SuiteRunner.runSequentially(SuiteRunner.java:378)
at org.testng.SuiteRunner.privateRun(SuiteRunner.java:337)
at org.testng.SuiteRunner.run(SuiteRunner.java:286)
at org.testng.SuiteRunnerWorker.runSuite(SuiteRunnerWorker.java:53)
at org.testng.SuiteRunnerWorker.run(SuiteRunnerWorker.java:96)
at org.testng.TestNG.runSuitesSequentially(TestNG.java:1187)
at org.testng.TestNG.runSuitesLocally(TestNG.java:1109)
at org.testng.TestNG.runSuites(TestNG.java:1039)
at org.testng.TestNG.run(TestNG.java:1007)
at org.testng.remote.AbstractRemoteTestNG.run(AbstractRemoteTestNG.java:115)
at org.testng.remote.RemoteTestNG.initAndRun(RemoteTestNG.java:251)
at org.testng.remote.RemoteTestNG.main(RemoteTestNG.java:77)
]]>
            </full-stacktrace>
          </exception> <!-- java.lang.NullPointerException -->
          <reporter-output>
          </reporter-output>
        </test-method> <!-- PruebaEditarDireccion -->
        <test-method is-config="true" signature="afterClass()[pri:0, instance:com.testNG.RunEditarDireccion@5223e5ee]" started-at="2022-03-08T11:43:55 COT" name="afterClass" finished-at="2022-03-08T11:43:55 COT" duration-ms="0" status="PASS">
          <reporter-output>
          </reporter-output>
        </test-method> <!-- afterClass -->
      </class> <!-- com.testNG.RunEditarDireccion -->
    </test> <!-- Test -->
  </suite> <!-- Suite -->
</testng-results>
